<?xml version="1.0" encoding="UTF-8"?>
<testng-results ignored="1" total="3" passed="1" failed="1" skipped="0">
  <reporter-output>
  </reporter-output>
  <suite started-at="2022-05-16T14:35:25 EET" name="Default suite" finished-at="2022-05-16T14:36:04 EET" duration-ms="39128">
    <groups>
    </groups>
    <test started-at="2022-05-16T14:35:25 EET" name="Default test" finished-at="2022-05-16T14:36:04 EET" duration-ms="39128">
      <class name="configurations.PaymentTypeTest">
        <test-method is-config="true" signature="StartDriver(java.lang.String)[pri:0, instance:configurations.PaymentTypeTest@7161d8d1]" started-at="2022-05-16T14:35:13 EET" name="StartDriver" finished-at="2022-05-16T14:35:25 EET" duration-ms="12442" status="PASS">
          <params>
            <param index="0">
              <value>
                <![CDATA[chrome]]>
              </value>
            </param>
          </params>
          <reporter-output>
          </reporter-output>
        </test-method> <!-- StartDriver -->
        <test-method signature="Login()[pri:1, instance:configurations.PaymentTypeTest@7161d8d1]" started-at="2022-05-16T14:35:25 EET" name="Login" finished-at="2022-05-16T14:35:46 EET" duration-ms="21322" status="PASS">
          <reporter-output>
          </reporter-output>
        </test-method> <!-- Login -->
        <test-method is-config="true" signature="ScreenShotOnFailure(org.testng.ITestResult)[pri:0, instance:configurations.PaymentTypeTest@7161d8d1]" started-at="2022-05-16T14:35:46 EET" name="ScreenShotOnFailure" finished-at="2022-05-16T14:35:46 EET" duration-ms="1" status="PASS">
          <params>
            <param index="0">
              <value>
                <![CDATA[[TestResult name=Login status=SUCCESS method=PaymentTypeTest.Login()[pri:1, instance:configurations.PaymentTypeTest@7161d8d1] output={null}]]]>
              </value>
            </param>
          </params>
          <reporter-output>
          </reporter-output>
        </test-method> <!-- ScreenShotOnFailure -->
        <test-method signature="CreatePaymentTypeUsingSQL()[pri:2, instance:configurations.PaymentTypeTest@7161d8d1]" started-at="2022-05-16T14:35:46 EET" name="CreatePaymentTypeUsingSQL" finished-at="2022-05-16T14:36:04 EET" duration-ms="17598" status="FAIL">
          <exception class="java.lang.AssertionError">
            <message>
              <![CDATA[expected [true] but found [false]]]>
            </message>
            <full-stacktrace>
              <![CDATA[java.lang.AssertionError: expected [true] but found [false]
at org.testng.Assert.fail(Assert.java:99)
at org.testng.Assert.failNotEquals(Assert.java:1037)
at org.testng.Assert.assertTrue(Assert.java:45)
at org.testng.Assert.assertTrue(Assert.java:55)
at configurations.PaymentTypeTest.CreatePaymentTypeUsingSQL(PaymentTypeTest.java:61)
at java.base/jdk.internal.reflect.NativeMethodAccessorImpl.invoke0(Native Method)
at java.base/jdk.internal.reflect.NativeMethodAccessorImpl.invoke(NativeMethodAccessorImpl.java:77)
at java.base/jdk.internal.reflect.DelegatingMethodAccessorImpl.invoke(DelegatingMethodAccessorImpl.java:43)
at java.base/java.lang.reflect.Method.invoke(Method.java:568)
at org.testng.internal.MethodInvocationHelper.invokeMethod(MethodInvocationHelper.java:133)
at org.testng.internal.TestInvoker.invokeMethod(TestInvoker.java:598)
at org.testng.internal.TestInvoker.invokeTestMethod(TestInvoker.java:173)
at org.testng.internal.MethodRunner.runInSequence(MethodRunner.java:46)
at org.testng.internal.TestInvoker$MethodInvocationAgent.invoke(TestInvoker.java:824)
at org.testng.internal.TestInvoker.invokeTestMethods(TestInvoker.java:146)
at org.testng.internal.TestMethodWorker.invokeTestMethods(TestMethodWorker.java:146)
at org.testng.internal.TestMethodWorker.run(TestMethodWorker.java:128)
at java.base/java.util.ArrayList.forEach(ArrayList.java:1511)
at org.testng.TestRunner.privateRun(TestRunner.java:794)
at org.testng.TestRunner.run(TestRunner.java:596)
at org.testng.SuiteRunner.runTest(SuiteRunner.java:377)
at org.testng.SuiteRunner.runSequentially(SuiteRunner.java:371)
at org.testng.SuiteRunner.privateRun(SuiteRunner.java:332)
at org.testng.SuiteRunner.run(SuiteRunner.java:276)
at org.testng.SuiteRunnerWorker.runSuite(SuiteRunnerWorker.java:53)
at org.testng.SuiteRunnerWorker.run(SuiteRunnerWorker.java:96)
at org.testng.TestNG.runSuitesSequentially(TestNG.java:1212)
at org.testng.TestNG.runSuitesLocally(TestNG.java:1134)
at org.testng.TestNG.runSuites(TestNG.java:1063)
at org.testng.TestNG.run(TestNG.java:1031)
at org.testng.remote.AbstractRemoteTestNG.run(AbstractRemoteTestNG.java:115)
at org.testng.remote.RemoteTestNG.initAndRun(RemoteTestNG.java:251)
at org.testng.remote.RemoteTestNG.main(RemoteTestNG.java:77)
]]>
            </full-stacktrace>
          </exception> <!-- java.lang.AssertionError -->
          <reporter-output>
          </reporter-output>
        </test-method> <!-- CreatePaymentTypeUsingSQL -->
        <test-method is-config="true" signature="ScreenShotOnFailure(org.testng.ITestResult)[pri:0, instance:configurations.PaymentTypeTest@7161d8d1]" started-at="2022-05-16T14:36:04 EET" name="ScreenShotOnFailure" finished-at="2022-05-16T14:36:04 EET" duration-ms="144" status="PASS">
          <params>
            <param index="0">
              <value>
                <![CDATA[[TestResult name=CreatePaymentTypeUsingSQL status=FAILURE method=PaymentTypeTest.CreatePaymentTypeUsingSQL()[pri:2, instance:configurations.PaymentTypeTest@7161d8d1] output={null}]]]>
              </value>
            </param>
          </params>
          <reporter-output>
          </reporter-output>
        </test-method> <!-- ScreenShotOnFailure -->
        <test-method is-config="true" signature="StopDriver()[pri:0, instance:configurations.PaymentTypeTest@7161d8d1]" started-at="2022-05-16T14:36:04 EET" name="StopDriver" finished-at="2022-05-16T14:36:05 EET" duration-ms="308" status="PASS">
          <reporter-output>
          </reporter-output>
        </test-method> <!-- StopDriver -->
      </class> <!-- configurations.PaymentTypeTest -->
    </test> <!-- Default test -->
  </suite> <!-- Default suite -->
</testng-results>
