<!DOCTYPE html>

<html>
  <head>
  <meta charset='utf-8'>
  <title>TestNG reports</title>

    <link type="text/css" href="testng-reports1.css" rel="stylesheet" id="ultra" />
    <link type="text/css" href="testng-reports.css" rel="stylesheet" id="retro" disabled="false"/>
    <script type="text/javascript" src="jquery.min.js"></script>
    <script type="text/javascript" src="testng-reports.js"></script>
    <script type="text/javascript" src="https://www.google.com/jsapi"></script>
    <script type='text/javascript'>
      google.load('visualization', '1', {packages:['table']});
      google.setOnLoadCallback(drawTable);
      var suiteTableInitFunctions = new Array();
      var suiteTableData = new Array();
    </script>
    <!--
      <script type="text/javascript" src="jquery-ui/js/jquery-ui-1.8.16.custom.min.js"></script>
     -->
  </head>

  <body>
    <div class="top-banner-root">
      <span class="top-banner-title-font">Test results</span>
      <button id="button" class="button">Switch Retro Theme</button> <!-- button -->
      <br/>
      <span class="top-banner-font-1">1 suite, 3 failed tests</span>
    </div> <!-- top-banner-root -->
    <div class="navigator-root">
      <div class="navigator-suite-header">
        <span>All suites</span>
        <a href="#" title="Collapse/expand all the suites" class="collapse-all-link">
          <img src="collapseall.gif" class="collapse-all-icon">
          </img> <!-- collapse-all-icon -->
        </a> <!-- collapse-all-link -->
      </div> <!-- navigator-suite-header -->
      <div class="suite">
        <div class="rounded-window">
          <div class="suite-header light-rounded-window-top">
            <a href="#" panel-name="suite-DEWAN_Suite" class="navigator-link">
              <span class="suite-name border-failed">DEWAN Suite</span>
            </a> <!-- navigator-link -->
          </div> <!-- suite-header light-rounded-window-top -->
          <div class="navigator-suite-content">
            <div class="suite-section-title">
              <span>Info</span>
            </div> <!-- suite-section-title -->
            <div class="suite-section-content">
              <ul>
                <li>
                  <a href="#" panel-name="test-xml-DEWAN_Suite" class="navigator-link ">
                    <span>C:\Users\dewan\eclipse-workspace\Dewan\testng.xml</span>
                  </a> <!-- navigator-link  -->
                </li>
                <li>
                  <a href="#" panel-name="testlist-DEWAN_Suite" class="navigator-link ">
                    <span class="test-stats">1 test</span>
                  </a> <!-- navigator-link  -->
                </li>
                <li>
                  <a href="#" panel-name="group-DEWAN_Suite" class="navigator-link ">
                    <span>0 groups</span>
                  </a> <!-- navigator-link  -->
                </li>
                <li>
                  <a href="#" panel-name="times-DEWAN_Suite" class="navigator-link ">
                    <span>Times</span>
                  </a> <!-- navigator-link  -->
                </li>
                <li>
                  <a href="#" panel-name="reporter-DEWAN_Suite" class="navigator-link ">
                    <span>Reporter output</span>
                  </a> <!-- navigator-link  -->
                </li>
                <li>
                  <a href="#" panel-name="ignored-methods-DEWAN_Suite" class="navigator-link ">
                    <span>Ignored methods</span>
                  </a> <!-- navigator-link  -->
                </li>
                <li>
                  <a href="#" panel-name="chronological-DEWAN_Suite" class="navigator-link ">
                    <span>Chronological view</span>
                  </a> <!-- navigator-link  -->
                </li>
              </ul>
            </div> <!-- suite-section-content -->
            <div class="result-section">
              <div class="suite-section-title">
                <span>Results</span>
              </div> <!-- suite-section-title -->
              <div class="suite-section-content">
                <ul>
                  <li>
                    <span class="method-stats">7 methods, 3 failed,   4 passed</span>
                  </li>
                  <li>
                    <span class="method-list-title failed">Failed methods</span>
                    <span class="show-or-hide-methods failed">
                      <a href="#" panel-name="suite-DEWAN_Suite" class="hide-methods failed suite-DEWAN_Suite"> (hide)</a> <!-- hide-methods failed suite-DEWAN_Suite -->
                      <a href="#" panel-name="suite-DEWAN_Suite" class="show-methods failed suite-DEWAN_Suite"> (show)</a> <!-- show-methods failed suite-DEWAN_Suite -->
                    </span>
                    <div class="method-list-content failed suite-DEWAN_Suite">
                      <span>
                        <img src="failed.png" width="3%"/>
                        <a href="#" panel-name="suite-DEWAN_Suite" title="dewanTests.PurchaseFullTransactionTest" class="method navigator-link" hash-for-method="PurchaseFullTransaction">PurchaseFullTransaction</a> <!-- method navigator-link -->
                      </span>
                      <br/>
                      <span>
                        <img src="failed.png" width="3%"/>
                        <a href="#" panel-name="suite-DEWAN_Suite" title="dewanTests.ReturnSalesFullTransactionTest" class="method navigator-link" hash-for-method="RSFullTransaction">RSFullTransaction</a> <!-- method navigator-link -->
                      </span>
                      <br/>
                      <span>
                        <img src="failed.png" width="3%"/>
                        <a href="#" panel-name="suite-DEWAN_Suite" title="dewanTests.ReturnSalesFullTransactionTest" class="method navigator-link" hash-for-method="UserCanLogout">UserCanLogout</a> <!-- method navigator-link -->
                      </span>
                      <br/>
                    </div> <!-- method-list-content failed suite-DEWAN_Suite -->
                  </li>
                  <li>
                    <span class="method-list-title passed">Passed methods</span>
                    <span class="show-or-hide-methods passed">
                      <a href="#" panel-name="suite-DEWAN_Suite" class="hide-methods passed suite-DEWAN_Suite"> (hide)</a> <!-- hide-methods passed suite-DEWAN_Suite -->
                      <a href="#" panel-name="suite-DEWAN_Suite" class="show-methods passed suite-DEWAN_Suite"> (show)</a> <!-- show-methods passed suite-DEWAN_Suite -->
                    </span>
                    <div class="method-list-content passed suite-DEWAN_Suite">
                      <span>
                        <img src="passed.png" width="3%"/>
                        <a href="#" panel-name="suite-DEWAN_Suite" title="dewanTests.SalesFullTransactionTest" class="method navigator-link" hash-for-method="CreateNewSalesOrder">CreateNewSalesOrder</a> <!-- method navigator-link -->
                      </span>
                      <br/>
                      <span>
                        <img src="passed.png" width="3%"/>
                        <a href="#" panel-name="suite-DEWAN_Suite" title="dewanTests.ReturnSalesFullTransactionTest" class="method navigator-link" hash-for-method="EnterQuickSalesApp">EnterQuickSalesApp</a> <!-- method navigator-link -->
                      </span>
                      <br/>
                      <span>
                        <img src="passed.png" width="3%"/>
                        <a href="#" panel-name="suite-DEWAN_Suite" title="dewanTests.ReturnSalesFullTransactionTest" class="method navigator-link" hash-for-method="OpenRS">OpenRS</a> <!-- method navigator-link -->
                      </span>
                      <br/>
                      <span>
                        <img src="passed.png" width="3%"/>
                        <a href="#" panel-name="suite-DEWAN_Suite" title="dewanTests.ReturnSalesFullTransactionTest" class="method navigator-link" hash-for-method="UserCanLogin">UserCanLogin</a> <!-- method navigator-link -->
                      </span>
                      <br/>
                    </div> <!-- method-list-content passed suite-DEWAN_Suite -->
                  </li>
                </ul>
              </div> <!-- suite-section-content -->
            </div> <!-- result-section -->
          </div> <!-- navigator-suite-content -->
        </div> <!-- rounded-window -->
      </div> <!-- suite -->
    </div> <!-- navigator-root -->
    <div class="wrapper">
      <div class="main-panel-root">
        <div panel-name="suite-DEWAN_Suite" class="panel DEWAN_Suite">
          <div class="suite-DEWAN_Suite-class-failed">
            <div class="main-panel-header rounded-window-top">
              <img src="failed.png"/>
              <span class="class-name">dewanTests.ReturnSalesFullTransactionTest</span>
            </div> <!-- main-panel-header rounded-window-top -->
            <div class="main-panel-content rounded-window-bottom">
              <div class="method">
                <div class="method-content">
                  <a name="RSFullTransaction">
                  </a> <!-- RSFullTransaction -->
                  <span class="method-name">RSFullTransaction</span>
                  <div class="stack-trace">org.openqa.selenium.NoSuchElementException: no such element: Unable to locate element: {&quot;method&quot;:&quot;css selector&quot;,&quot;selector&quot;:&quot;i.text-success.fas.fa-plus-square.fa-sm&quot;}
  (Session info: chrome=97.0.4692.71)
For documentation on this error, please visit: https://selenium.dev/exceptions/#no_such_element
Build info: version: &apos;4.1.0&apos;, revision: &apos;87802e897b&apos;
System info: host: &apos;DESKTOP-U0TNFHN&apos;, ip: &apos;192.168.1.217&apos;, os.name: &apos;Windows 10&apos;, os.arch: &apos;amd64&apos;, os.version: &apos;10.0&apos;, java.version: &apos;17.0.1&apos;
Driver info: org.openqa.selenium.chrome.ChromeDriver
Command: [4f2eee28a4cce948a232f2b9a595184b, findElement {using=css selector, value=i.text-success.fas.fa-plus-square.fa-sm}]
Capabilities {acceptInsecureCerts: false, browserName: chrome, browserVersion: 97.0.4692.71, chrome: {chromedriverVersion: 96.0.4664.45 (76e4c1bb2ab46..., userDataDir: C:\Users\dewan\AppData\Loca...}, goog:chromeOptions: {debuggerAddress: localhost:52827}, javascriptEnabled: true, networkConnectionEnabled: false, pageLoadStrategy: normal, platform: WINDOWS, platformName: WINDOWS, proxy: Proxy(), se:cdp: ws://localhost:52827/devtoo..., se:cdpVersion: 97.0.4692.71, setWindowRect: true, strictFileInteractability: false, timeouts: {implicit: 0, pageLoad: 300000, script: 30000}, unhandledPromptBehavior: dismiss and notify, webauthn:extension:credBlob: true, webauthn:extension:largeBlob: true, webauthn:virtualAuthenticators: true}
Session ID: 4f2eee28a4cce948a232f2b9a595184b
	at org.openqa.selenium.remote.codec.w3c.W3CHttpResponseCodec.createException(W3CHttpResponseCodec.java:200)
	at org.openqa.selenium.remote.codec.w3c.W3CHttpResponseCodec.decode(W3CHttpResponseCodec.java:133)
	at org.openqa.selenium.remote.codec.w3c.W3CHttpResponseCodec.decode(W3CHttpResponseCodec.java:53)
	at org.openqa.selenium.remote.HttpCommandExecutor.execute(HttpCommandExecutor.java:184)
	at org.openqa.selenium.remote.service.DriverCommandExecutor.invokeExecute(DriverCommandExecutor.java:164)
	at org.openqa.selenium.remote.service.DriverCommandExecutor.execute(DriverCommandExecutor.java:139)
	at org.openqa.selenium.remote.RemoteWebDriver.execute(RemoteWebDriver.java:559)
	at org.openqa.selenium.remote.ElementLocation$ElementFinder$2.findElement(ElementLocation.java:162)
	at org.openqa.selenium.remote.ElementLocation.findElement(ElementLocation.java:60)
	at org.openqa.selenium.remote.RemoteWebDriver.findElement(RemoteWebDriver.java:383)
	at org.openqa.selenium.remote.RemoteWebDriver.findElement(RemoteWebDriver.java:375)
	at org.openqa.selenium.support.pagefactory.DefaultElementLocator.findElement(DefaultElementLocator.java:70)
	at org.openqa.selenium.support.pagefactory.internal.LocatingElementHandler.invoke(LocatingElementHandler.java:39)
	at jdk.proxy2/jdk.proxy2.$Proxy19.click(Unknown Source)
	at dewanPages.PageBase.ClickButton(PageBase.java:26)
	at dewanPages.ReturnSalesCreateFullTransactionPage.FirstStageInRS(ReturnSalesCreateFullTransactionPage.java:105)
	at dewanTests.ReturnSalesFullTransactionTest.RSFullTransaction(ReturnSalesFullTransactionTest.java:61)
	at java.base/java.util.ArrayList.forEach(ArrayList.java:1511)
... Removed 32 stack frames
</div> <!-- stack-trace -->
                </div> <!-- method-content -->
              </div> <!-- method -->
              <div class="method">
                <div class="method-content">
                  <a name="UserCanLogout">
                  </a> <!-- UserCanLogout -->
                  <span class="method-name">UserCanLogout</span>
                  <div class="stack-trace">org.openqa.selenium.NoSuchElementException: no such element: Unable to locate element: {&quot;method&quot;:&quot;css selector&quot;,&quot;selector&quot;:&quot;#dropdownMenuButton&quot;}
  (Session info: chrome=97.0.4692.71)
For documentation on this error, please visit: https://selenium.dev/exceptions/#no_such_element
Build info: version: &apos;4.1.0&apos;, revision: &apos;87802e897b&apos;
System info: host: &apos;DESKTOP-U0TNFHN&apos;, ip: &apos;192.168.1.217&apos;, os.name: &apos;Windows 10&apos;, os.arch: &apos;amd64&apos;, os.version: &apos;10.0&apos;, java.version: &apos;17.0.1&apos;
Driver info: org.openqa.selenium.chrome.ChromeDriver
Command: [4f2eee28a4cce948a232f2b9a595184b, findElement {using=id, value=dropdownMenuButton}]
Capabilities {acceptInsecureCerts: false, browserName: chrome, browserVersion: 97.0.4692.71, chrome: {chromedriverVersion: 96.0.4664.45 (76e4c1bb2ab46..., userDataDir: C:\Users\dewan\AppData\Loca...}, goog:chromeOptions: {debuggerAddress: localhost:52827}, javascriptEnabled: true, networkConnectionEnabled: false, pageLoadStrategy: normal, platform: WINDOWS, platformName: WINDOWS, proxy: Proxy(), se:cdp: ws://localhost:52827/devtoo..., se:cdpVersion: 97.0.4692.71, setWindowRect: true, strictFileInteractability: false, timeouts: {implicit: 0, pageLoad: 300000, script: 30000}, unhandledPromptBehavior: dismiss and notify, webauthn:extension:credBlob: true, webauthn:extension:largeBlob: true, webauthn:virtualAuthenticators: true}
Session ID: 4f2eee28a4cce948a232f2b9a595184b
	at org.openqa.selenium.remote.codec.w3c.W3CHttpResponseCodec.createException(W3CHttpResponseCodec.java:200)
	at org.openqa.selenium.remote.codec.w3c.W3CHttpResponseCodec.decode(W3CHttpResponseCodec.java:133)
	at org.openqa.selenium.remote.codec.w3c.W3CHttpResponseCodec.decode(W3CHttpResponseCodec.java:53)
	at org.openqa.selenium.remote.HttpCommandExecutor.execute(HttpCommandExecutor.java:184)
	at org.openqa.selenium.remote.service.DriverCommandExecutor.invokeExecute(DriverCommandExecutor.java:164)
	at org.openqa.selenium.remote.service.DriverCommandExecutor.execute(DriverCommandExecutor.java:139)
	at org.openqa.selenium.remote.RemoteWebDriver.execute(RemoteWebDriver.java:559)
	at org.openqa.selenium.remote.ElementLocation$ElementFinder$2.findElement(ElementLocation.java:162)
	at org.openqa.selenium.remote.ElementLocation.findElement(ElementLocation.java:60)
	at org.openqa.selenium.remote.RemoteWebDriver.findElement(RemoteWebDriver.java:383)
	at org.openqa.selenium.remote.RemoteWebDriver.findElement(RemoteWebDriver.java:375)
	at org.openqa.selenium.support.pagefactory.DefaultElementLocator.findElement(DefaultElementLocator.java:70)
	at org.openqa.selenium.support.pagefactory.internal.LocatingElementHandler.invoke(LocatingElementHandler.java:39)
	at jdk.proxy2/jdk.proxy2.$Proxy19.click(Unknown Source)
	at dewanPages.PageBase.ClickButton(PageBase.java:26)
	at dewanPages.UserLogOutPage.UserLogout(UserLogOutPage.java:20)
	at dewanTests.ReturnSalesFullTransactionTest.UserCanLogout(ReturnSalesFullTransactionTest.java:80)
	at java.base/java.util.ArrayList.forEach(ArrayList.java:1511)
... Removed 32 stack frames
</div> <!-- stack-trace -->
                </div> <!-- method-content -->
              </div> <!-- method -->
            </div> <!-- main-panel-content rounded-window-bottom -->
          </div> <!-- suite-DEWAN_Suite-class-failed -->
          <div class="suite-DEWAN_Suite-class-failed">
            <div class="main-panel-header rounded-window-top">
              <img src="failed.png"/>
              <span class="class-name">dewanTests.PurchaseFullTransactionTest</span>
            </div> <!-- main-panel-header rounded-window-top -->
            <div class="main-panel-content rounded-window-bottom">
              <div class="method">
                <div class="method-content">
                  <a name="PurchaseFullTransaction">
                  </a> <!-- PurchaseFullTransaction -->
                  <span class="method-name">PurchaseFullTransaction</span>
                  <div class="stack-trace">org.openqa.selenium.NoSuchElementException: no such element: Unable to locate element: {&quot;method&quot;:&quot;css selector&quot;,&quot;selector&quot;:&quot;#UserName&quot;}
  (Session info: chrome=97.0.4692.71)
For documentation on this error, please visit: https://selenium.dev/exceptions/#no_such_element
Build info: version: &apos;4.1.0&apos;, revision: &apos;87802e897b&apos;
System info: host: &apos;DESKTOP-U0TNFHN&apos;, ip: &apos;192.168.1.217&apos;, os.name: &apos;Windows 10&apos;, os.arch: &apos;amd64&apos;, os.version: &apos;10.0&apos;, java.version: &apos;17.0.1&apos;
Driver info: org.openqa.selenium.chrome.ChromeDriver
Command: [4f2eee28a4cce948a232f2b9a595184b, findElement {using=id, value=UserName}]
Capabilities {acceptInsecureCerts: false, browserName: chrome, browserVersion: 97.0.4692.71, chrome: {chromedriverVersion: 96.0.4664.45 (76e4c1bb2ab46..., userDataDir: C:\Users\dewan\AppData\Loca...}, goog:chromeOptions: {debuggerAddress: localhost:52827}, javascriptEnabled: true, networkConnectionEnabled: false, pageLoadStrategy: normal, platform: WINDOWS, platformName: WINDOWS, proxy: Proxy(), se:cdp: ws://localhost:52827/devtoo..., se:cdpVersion: 97.0.4692.71, setWindowRect: true, strictFileInteractability: false, timeouts: {implicit: 0, pageLoad: 300000, script: 30000}, unhandledPromptBehavior: dismiss and notify, webauthn:extension:credBlob: true, webauthn:extension:largeBlob: true, webauthn:virtualAuthenticators: true}
Session ID: 4f2eee28a4cce948a232f2b9a595184b
	at org.openqa.selenium.remote.codec.w3c.W3CHttpResponseCodec.createException(W3CHttpResponseCodec.java:200)
	at org.openqa.selenium.remote.codec.w3c.W3CHttpResponseCodec.decode(W3CHttpResponseCodec.java:133)
	at org.openqa.selenium.remote.codec.w3c.W3CHttpResponseCodec.decode(W3CHttpResponseCodec.java:53)
	at org.openqa.selenium.remote.HttpCommandExecutor.execute(HttpCommandExecutor.java:184)
	at org.openqa.selenium.remote.service.DriverCommandExecutor.invokeExecute(DriverCommandExecutor.java:164)
	at org.openqa.selenium.remote.service.DriverCommandExecutor.execute(DriverCommandExecutor.java:139)
	at org.openqa.selenium.remote.RemoteWebDriver.execute(RemoteWebDriver.java:559)
	at org.openqa.selenium.remote.ElementLocation$ElementFinder$2.findElement(ElementLocation.java:162)
	at org.openqa.selenium.remote.ElementLocation.findElement(ElementLocation.java:60)
	at org.openqa.selenium.remote.RemoteWebDriver.findElement(RemoteWebDriver.java:383)
	at org.openqa.selenium.remote.RemoteWebDriver.findElement(RemoteWebDriver.java:375)
	at org.openqa.selenium.support.pagefactory.DefaultElementLocator.findElement(DefaultElementLocator.java:70)
	at org.openqa.selenium.support.pagefactory.internal.LocatingElementHandler.invoke(LocatingElementHandler.java:39)
	at jdk.proxy2/jdk.proxy2.$Proxy19.sendKeys(Unknown Source)
	at dewanPages.PageBase.SetTextElement(PageBase.java:34)
	at dewanPages.UserLoginPage.USerLogin(UserLoginPage.java:22)
	at dewanTests.PurchaseFullTransactionTest.PurchaseFullTransaction(PurchaseFullTransactionTest.java:31)
	at java.base/java.util.ArrayList.forEach(ArrayList.java:1511)
... Removed 32 stack frames
</div> <!-- stack-trace -->
                </div> <!-- method-content -->
              </div> <!-- method -->
            </div> <!-- main-panel-content rounded-window-bottom -->
          </div> <!-- suite-DEWAN_Suite-class-failed -->
          <div class="suite-DEWAN_Suite-class-passed">
            <div class="main-panel-header rounded-window-top">
              <img src="passed.png"/>
              <span class="class-name">dewanTests.ReturnSalesFullTransactionTest</span>
            </div> <!-- main-panel-header rounded-window-top -->
            <div class="main-panel-content rounded-window-bottom">
              <div class="method">
                <div class="method-content">
                  <a name="EnterQuickSalesApp">
                  </a> <!-- EnterQuickSalesApp -->
                  <span class="method-name">EnterQuickSalesApp</span>
                </div> <!-- method-content -->
              </div> <!-- method -->
              <div class="method">
                <div class="method-content">
                  <a name="OpenRS">
                  </a> <!-- OpenRS -->
                  <span class="method-name">OpenRS</span>
                </div> <!-- method-content -->
              </div> <!-- method -->
              <div class="method">
                <div class="method-content">
                  <a name="UserCanLogin">
                  </a> <!-- UserCanLogin -->
                  <span class="method-name">UserCanLogin</span>
                </div> <!-- method-content -->
              </div> <!-- method -->
            </div> <!-- main-panel-content rounded-window-bottom -->
          </div> <!-- suite-DEWAN_Suite-class-passed -->
          <div class="suite-DEWAN_Suite-class-passed">
            <div class="main-panel-header rounded-window-top">
              <img src="passed.png"/>
              <span class="class-name">dewanTests.SalesFullTransactionTest</span>
            </div> <!-- main-panel-header rounded-window-top -->
            <div class="main-panel-content rounded-window-bottom">
              <div class="method">
                <div class="method-content">
                  <a name="CreateNewSalesOrder">
                  </a> <!-- CreateNewSalesOrder -->
                  <span class="method-name">CreateNewSalesOrder</span>
                </div> <!-- method-content -->
              </div> <!-- method -->
            </div> <!-- main-panel-content rounded-window-bottom -->
          </div> <!-- suite-DEWAN_Suite-class-passed -->
        </div> <!-- panel DEWAN_Suite -->
        <div panel-name="test-xml-DEWAN_Suite" class="panel">
          <div class="main-panel-header rounded-window-top">
            <span class="header-content">C:\Users\dewan\eclipse-workspace\Dewan\testng.xml</span>
          </div> <!-- main-panel-header rounded-window-top -->
          <div class="main-panel-content rounded-window-bottom">
            <pre>
&lt;?xml version=&quot;1.0&quot; encoding=&quot;UTF-8&quot;?&gt;
&lt;!DOCTYPE suite SYSTEM &quot;https://testng.org/testng-1.0.dtd&quot;&gt;
&lt;suite name=&quot;DEWAN Suite&quot; guice-stage=&quot;DEVELOPMENT&quot;&gt;
  &lt;parameter name=&quot;browser&quot; value=&quot;chrome&quot;/&gt;
  &lt;test thread-count=&quot;5&quot; name=&quot;DewanTestCases&quot;&gt;
    &lt;classes&gt;
      &lt;class name=&quot;dewanTests.SalesFullTransactionTest&quot;/&gt;
      &lt;class name=&quot;dewanTests.ReturnSalesFullTransactionTest&quot;/&gt;
      &lt;class name=&quot;dewanTests.PurchaseFullTransactionTest&quot;/&gt;
    &lt;/classes&gt;
  &lt;/test&gt; &lt;!-- DewanTestCases --&gt;
&lt;/suite&gt; &lt;!-- DEWAN Suite --&gt;
            </pre>
          </div> <!-- main-panel-content rounded-window-bottom -->
        </div> <!-- panel -->
        <div panel-name="testlist-DEWAN_Suite" class="panel">
          <div class="main-panel-header rounded-window-top">
            <span class="header-content">Tests for DEWAN Suite</span>
          </div> <!-- main-panel-header rounded-window-top -->
          <div class="main-panel-content rounded-window-bottom">
            <ul>
              <li>
                <span class="test-name">DewanTestCases (3 classes)</span>
              </li>
            </ul>
          </div> <!-- main-panel-content rounded-window-bottom -->
        </div> <!-- panel -->
        <div panel-name="group-DEWAN_Suite" class="panel">
          <div class="main-panel-header rounded-window-top">
            <span class="header-content">Groups for DEWAN Suite</span>
          </div> <!-- main-panel-header rounded-window-top -->
          <div class="main-panel-content rounded-window-bottom">
          </div> <!-- main-panel-content rounded-window-bottom -->
        </div> <!-- panel -->
        <div panel-name="times-DEWAN_Suite" class="panel">
          <div class="main-panel-header rounded-window-top">
            <span class="header-content">Times for DEWAN Suite</span>
          </div> <!-- main-panel-header rounded-window-top -->
          <div class="main-panel-content rounded-window-bottom">
            <div class="times-div">
              <script type="text/javascript">
suiteTableInitFunctions.push('tableData_DEWAN_Suite');
function tableData_DEWAN_Suite() {
var data = new google.visualization.DataTable();
data.addColumn('number', 'Number');
data.addColumn('string', 'Method');
data.addColumn('string', 'Class');
data.addColumn('number', 'Time (ms)');
data.addRows(7);
data.setCell(0, 0, 0)
data.setCell(0, 1, 'CreateNewSalesOrder')
data.setCell(0, 2, 'dewanTests.SalesFullTransactionTest')
data.setCell(0, 3, 80900);
data.setCell(1, 0, 1)
data.setCell(1, 1, 'RSFullTransaction')
data.setCell(1, 2, 'dewanTests.ReturnSalesFullTransactionTest')
data.setCell(1, 3, 20360);
data.setCell(2, 0, 2)
data.setCell(2, 1, 'PurchaseFullTransaction')
data.setCell(2, 2, 'dewanTests.PurchaseFullTransactionTest')
data.setCell(2, 3, 20098);
data.setCell(3, 0, 3)
data.setCell(3, 1, 'UserCanLogout')
data.setCell(3, 2, 'dewanTests.ReturnSalesFullTransactionTest')
data.setCell(3, 3, 20093);
data.setCell(4, 0, 4)
data.setCell(4, 1, 'UserCanLogin')
data.setCell(4, 2, 'dewanTests.ReturnSalesFullTransactionTest')
data.setCell(4, 3, 7002);
data.setCell(5, 0, 5)
data.setCell(5, 1, 'EnterQuickSalesApp')
data.setCell(5, 2, 'dewanTests.ReturnSalesFullTransactionTest')
data.setCell(5, 3, 3558);
data.setCell(6, 0, 6)
data.setCell(6, 1, 'OpenRS')
data.setCell(6, 2, 'dewanTests.ReturnSalesFullTransactionTest')
data.setCell(6, 3, 3304);
window.suiteTableData['DEWAN_Suite']= { tableData: data, tableDiv: 'times-div-DEWAN_Suite'}
return data;
}
              </script>
              <span class="suite-total-time">Total running time: 2 minutes</span>
              <div id="times-div-DEWAN_Suite">
              </div> <!-- times-div-DEWAN_Suite -->
            </div> <!-- times-div -->
          </div> <!-- main-panel-content rounded-window-bottom -->
        </div> <!-- panel -->
        <div panel-name="reporter-DEWAN_Suite" class="panel">
          <div class="main-panel-header rounded-window-top">
            <span class="header-content">Reporter output for DEWAN Suite</span>
          </div> <!-- main-panel-header rounded-window-top -->
          <div class="main-panel-content rounded-window-bottom">
          </div> <!-- main-panel-content rounded-window-bottom -->
        </div> <!-- panel -->
        <div panel-name="ignored-methods-DEWAN_Suite" class="panel">
          <div class="main-panel-header rounded-window-top">
            <span class="header-content">4 ignored methods</span>
          </div> <!-- main-panel-header rounded-window-top -->
          <div class="main-panel-content rounded-window-bottom">
            <div class="ignored-class-div">
              <span class="ignored-class-name">dewanTests.ReturnSalesFullTransactionTest</span>
              <div class="ignored-methods-div">
                <span class="ignored-method-name">StopDriver</span>
                <br/>
                <span class="ignored-method-name">StartDriver</span>
                <br/>
              </div> <!-- ignored-methods-div -->
            </div> <!-- ignored-class-div -->
            <div class="ignored-class-div">
              <span class="ignored-class-name">dewanTests.PurchaseFullTransactionTest</span>
              <div class="ignored-methods-div">
                <span class="ignored-method-name">StopDriver</span>
                <br/>
                <span class="ignored-method-name">StartDriver</span>
                <br/>
              </div> <!-- ignored-methods-div -->
            </div> <!-- ignored-class-div -->
          </div> <!-- main-panel-content rounded-window-bottom -->
        </div> <!-- panel -->
        <div panel-name="chronological-DEWAN_Suite" class="panel">
          <div class="main-panel-header rounded-window-top">
            <span class="header-content">Methods in chronological order</span>
          </div> <!-- main-panel-header rounded-window-top -->
          <div class="main-panel-content rounded-window-bottom">
            <div class="chronological-class">
              <div class="chronological-class-name">dewanTests.SalesFullTransactionTest</div> <!-- chronological-class-name -->
              <div class="configuration-suite before">
                <span class="method-name">StartDriver(chrome)</span>
                <span class="method-start">0 ms</span>
              </div> <!-- configuration-suite before -->
              <div class="test-method">
                <span class="method-name">CreateNewSalesOrder</span>
                <span class="method-start">36458 ms</span>
              </div> <!-- test-method -->
              <div class="configuration-method after">
                <span class="method-name">ScreenShotOnFailure([TestResult name=CreateNewSalesOrder status=SUCCESS method=SalesFullTransactionTest.CreateNewSalesOr...)</span>
                <span class="method-start">117597 ms</span>
              </div> <!-- configuration-method after -->
            </div> <!-- chronological-class -->
            <div class="chronological-class">
              <div class="chronological-class-name">dewanTests.ReturnSalesFullTransactionTest</div> <!-- chronological-class-name -->
              <div class="test-method">
                <span class="method-name">UserCanLogin</span>
                <span class="method-start">117827 ms</span>
              </div> <!-- test-method -->
              <div class="configuration-method after">
                <span class="method-name">ScreenShotOnFailure([TestResult name=UserCanLogin status=SUCCESS method=ReturnSalesFullTransactionTest.UserCanLogin()[pr...)</span>
                <span class="method-start">124883 ms</span>
              </div> <!-- configuration-method after -->
              <div class="test-method">
                <span class="method-name">EnterQuickSalesApp</span>
                <span class="method-start">124908 ms</span>
              </div> <!-- test-method -->
              <div class="configuration-method after">
                <span class="method-name">ScreenShotOnFailure([TestResult name=EnterQuickSalesApp status=SUCCESS method=ReturnSalesFullTransactionTest.EnterQuickS...)</span>
                <span class="method-start">128470 ms</span>
              </div> <!-- configuration-method after -->
              <div class="test-method">
                <span class="method-name">OpenRS</span>
                <span class="method-start">128476 ms</span>
              </div> <!-- test-method -->
              <div class="configuration-method after">
                <span class="method-name">ScreenShotOnFailure([TestResult name=OpenRS status=SUCCESS method=ReturnSalesFullTransactionTest.OpenRS()[pri:3, instanc...)</span>
                <span class="method-start">131783 ms</span>
              </div> <!-- configuration-method after -->
              <div class="test-method">
                <img src="failed.png">
                </img>
                <span class="method-name">RSFullTransaction</span>
                <span class="method-start">131786 ms</span>
              </div> <!-- test-method -->
              <div class="configuration-method after">
                <span class="method-name">ScreenShotOnFailure([TestResult name=RSFullTransaction status=FAILURE method=ReturnSalesFullTransactionTest.RSFullTransa...)</span>
                <span class="method-start">152209 ms</span>
              </div> <!-- configuration-method after -->
              <div class="test-method">
                <img src="failed.png">
                </img>
                <span class="method-name">UserCanLogout</span>
                <span class="method-start">152731 ms</span>
              </div> <!-- test-method -->
              <div class="configuration-method after">
                <span class="method-name">ScreenShotOnFailure([TestResult name=UserCanLogout status=FAILURE method=ReturnSalesFullTransactionTest.UserCanLogout()[...)</span>
                <span class="method-start">172842 ms</span>
              </div> <!-- configuration-method after -->
            </div> <!-- chronological-class -->
            <div class="chronological-class">
              <div class="chronological-class-name">dewanTests.PurchaseFullTransactionTest</div> <!-- chronological-class-name -->
              <div class="test-method">
                <img src="failed.png">
                </img>
                <span class="method-name">PurchaseFullTransaction</span>
                <span class="method-start">173192 ms</span>
              </div> <!-- test-method -->
              <div class="configuration-method after">
                <span class="method-name">ScreenShotOnFailure([TestResult name=PurchaseFullTransaction status=FAILURE method=PurchaseFullTransactionTest.PurchaseF...)</span>
                <span class="method-start">193313 ms</span>
              </div> <!-- configuration-method after -->
            </div> <!-- chronological-class -->
            <div class="chronological-class">
              <div class="chronological-class-name">dewanTests.SalesFullTransactionTest</div> <!-- chronological-class-name -->
              <div class="configuration-suite after">
                <span class="method-name">StopDriver</span>
                <span class="method-start">194135 ms</span>
              </div> <!-- configuration-suite after -->
          </div> <!-- main-panel-content rounded-window-bottom -->
        </div> <!-- panel -->
      </div> <!-- main-panel-root -->
    </div> <!-- wrapper -->
  </body>
<script type="text/javascript" src="testng-reports2.js"></script>
</html>
